{"name": "Checkout overview verification", "status": "failed", "statusDetails": {"message": "AssertionError: Item 'Sauce Labs Backpack' not found in checkout overview\n", "trace": "  File \"/Users/axe/Downloads/saucedemo-bdd-tests/venv/lib/python3.9/site-packages/behave/model.py\", line 1329, in run\n    match.run(runner.context)\n  File \"/Users/axe/Downloads/saucedemo-bdd-tests/venv/lib/python3.9/site-packages/behave/matchers.py\", line 98, in run\n    self.func(context, *args, **kwargs)\n  File \"features/steps/checkout_steps.py\", line 110, in step_verify_checkout_overview_table\n    assert item_found, f\"Item '{expected_item}' not found in checkout overview\"\n"}, "steps": [{"name": "Given the user is logged in with \"standard_user\" and \"secret_sauce\"", "status": "passed", "start": 1754412717900, "stop": 1754412720378}, {"name": "And the user has added the following products to cart", "status": "passed", "attachments": [{"name": ".table", "source": "f4bfe72f-ad81-457b-9853-944d4687a5f3-attachment.csv", "type": "text/csv"}], "start": 1754412720379, "stop": 1754412720947}, {"name": "When the user proceeds to checkout", "status": "passed", "start": 1754412720951, "stop": 1754412721048}, {"name": "And enters valid checkout information", "status": "passed", "start": 1754412721048, "stop": 1754412721165}, {"name": "And clicks Continue", "status": "passed", "start": 1754412721166, "stop": 1754412723223}, {"name": "Then the checkout overview should display", "status": "failed", "statusDetails": {"message": "AssertionError: Item 'Sauce Labs Backpack' not found in checkout overview\n", "trace": "  File \"/Users/axe/Downloads/saucedemo-bdd-tests/venv/lib/python3.9/site-packages/behave/model.py\", line 1329, in run\n    match.run(runner.context)\n  File \"/Users/axe/Downloads/saucedemo-bdd-tests/venv/lib/python3.9/site-packages/behave/matchers.py\", line 98, in run\n    self.func(context, *args, **kwargs)\n  File \"features/steps/checkout_steps.py\", line 110, in step_verify_checkout_overview_table\n    assert item_found, f\"Item '{expected_item}' not found in checkout overview\"\n"}, "attachments": [{"name": ".table", "source": "4f25c3c3-5189-403e-b5ed-a95e12f58bcd-attachment.csv", "type": "text/csv"}], "start": 1754412723224, "stop": 1754412723268}, {"name": "And the payment information should show \"SauceCard #31337\"", "status": "skipped", "start": 1754412723515, "stop": 1754412723515}, {"name": "And the shipping information should show \"Free Pony Express Delivery!\"", "status": "skipped", "start": 1754412723515, "stop": 1754412723515}, {"name": "And the total should include item total and tax", "status": "skipped", "start": 1754412723515, "stop": 1754412723515}], "start": 1754412716389, "stop": 1754412723515, "uuid": "9133052f-c197-4024-8bcc-fc4d5d102cd2", "historyId": "010a77fb7a5bbd3b3d480bd6cd2dc2d7", "fullName": "Checkout Process: Checkout overview verification", "labels": [{"name": "severity", "value": "normal"}, {"name": "tag", "value": "checkout"}, {"name": "tag", "value": "positive"}, {"name": "feature", "value": "Checkout Process"}, {"name": "framework", "value": "behave"}, {"name": "language", "value": "cpython3"}], "titlePath": ["features", "Checkout Process"]}