{"name": "Complete checkout with valid information", "status": "failed", "statusDetails": {"message": "AssertionError: Confirmation text does not contain 'Thank you for your order!'\n", "trace": "  File \"/Users/newtonfernandis/Downloads/saucedemo-bdd-tests/venv/lib/python3.12/site-packages/behave/model.py\", line 1329, in run\n    match.run(runner.context)\n  File \"/Users/newtonfernandis/Downloads/saucedemo-bdd-tests/venv/lib/python3.12/site-packages/behave/matchers.py\", line 98, in run\n    self.func(context, *args, **kwargs)\n  File \"features/steps/checkout_steps.py\", line 88, in step_verify_confirmation_message\n    assert expected_text.lower() in confirmation_text.lower(), f\"Confirmation text does not contain '{expected_text}'\"\n"}, "steps": [{"name": "Given the user is logged in with \"standard_user\" and \"secret_sauce\"", "status": "passed", "start": 1754373297897, "stop": 1754373300532}, {"name": "And the user has added the following products to cart", "status": "passed", "attachments": [{"name": ".table", "source": "029044ef-8b59-4ec4-a16b-8927e0254e81-attachment.csv", "type": "text/csv"}], "start": 1754373300533, "stop": 1754373301111}, {"name": "When the user proceeds to checkout", "status": "passed", "start": 1754373301112, "stop": 1754373301226}, {"name": "And enters the following checkout information", "status": "passed", "attachments": [{"name": ".table", "source": "62226d67-45e2-4dc0-8ef4-219524b1b0a6-attachment.csv", "type": "text/csv"}], "start": 1754373301226, "stop": 1754373301342}, {"name": "And clicks Continue", "status": "passed", "start": 1754373301342, "stop": 1754373303411}, {"name": "And clicks Finish", "status": "passed", "start": 1754373303413, "stop": 1754373305492}, {"name": "Then the order confirmation should be displayed", "status": "passed", "start": 1754373305492, "stop": 1754373305496}, {"name": "And the confirmation message should contain \"Thank you for your order!\"", "status": "failed", "statusDetails": {"message": "AssertionError: Confirmation text does not contain 'Thank you for your order!'\n", "trace": "  File \"/Users/newtonfernandis/Downloads/saucedemo-bdd-tests/venv/lib/python3.12/site-packages/behave/model.py\", line 1329, in run\n    match.run(runner.context)\n  File \"/Users/newtonfernandis/Downloads/saucedemo-bdd-tests/venv/lib/python3.12/site-packages/behave/matchers.py\", line 98, in run\n    self.func(context, *args, **kwargs)\n  File \"features/steps/checkout_steps.py\", line 88, in step_verify_confirmation_message\n    assert expected_text.lower() in confirmation_text.lower(), f\"Confirmation text does not contain '{expected_text}'\"\n"}, "start": 1754373305496, "stop": 1754373305516}], "start": 1754373296064, "stop": 1754373305858, "uuid": "2f4068f2-cbaa-410c-8297-2d604871a940", "historyId": "0326a42c9a9b0869f16c7c09e36036de", "fullName": "Checkout Process: Complete checkout with valid information", "labels": [{"name": "severity", "value": "normal"}, {"name": "tag", "value": "checkout"}, {"name": "tag", "value": "positive"}, {"name": "tag", "value": "smoke"}, {"name": "feature", "value": "Checkout Process"}, {"name": "framework", "value": "behave"}, {"name": "language", "value": "cpython3"}], "titlePath": ["features", "Checkout Process"]}