{"name": "Complete checkout with valid information", "status": "failed", "statusDetails": {"message": "AssertionError: Confirmation text does not contain 'Thank you for your order!'\n", "trace": "  File \"/Users/axe/Downloads/saucedemo-bdd-tests/venv/lib/python3.9/site-packages/behave/model.py\", line 1329, in run\n    match.run(runner.context)\n  File \"/Users/axe/Downloads/saucedemo-bdd-tests/venv/lib/python3.9/site-packages/behave/matchers.py\", line 98, in run\n    self.func(context, *args, **kwargs)\n  File \"features/steps/checkout_steps.py\", line 88, in step_verify_confirmation_message\n    assert expected_text.lower() in confirmation_text.lower(), f\"Confirmation text does not contain '{expected_text}'\"\n"}, "steps": [{"name": "Given the user is logged in with \"standard_user\" and \"secret_sauce\"", "status": "passed", "start": 1754412708529, "stop": 1754412711058}, {"name": "And the user has added the following products to cart", "status": "passed", "attachments": [{"name": ".table", "source": "a1b52901-f4a7-4be3-9f08-4e9b79fcca7a-attachment.csv", "type": "text/csv"}], "start": 1754412711060, "stop": 1754412711629}, {"name": "When the user proceeds to checkout", "status": "passed", "start": 1754412711632, "stop": 1754412711729}, {"name": "And enters the following checkout information", "status": "passed", "attachments": [{"name": ".table", "source": "447b14d0-5173-4fda-835c-e65a4a93b611-attachment.csv", "type": "text/csv"}], "start": 1754412711729, "stop": 1754412711845}, {"name": "And clicks Continue", "status": "passed", "start": 1754412711845, "stop": 1754412713903}, {"name": "And clicks Finish", "status": "passed", "start": 1754412713907, "stop": 1754412715980}, {"name": "Then the order confirmation should be displayed", "status": "passed", "start": 1754412715983, "stop": 1754412715987}, {"name": "And the confirmation message should contain \"Thank you for your order!\"", "status": "failed", "statusDetails": {"message": "AssertionError: Confirmation text does not contain 'Thank you for your order!'\n", "trace": "  File \"/Users/axe/Downloads/saucedemo-bdd-tests/venv/lib/python3.9/site-packages/behave/model.py\", line 1329, in run\n    match.run(runner.context)\n  File \"/Users/axe/Downloads/saucedemo-bdd-tests/venv/lib/python3.9/site-packages/behave/matchers.py\", line 98, in run\n    self.func(context, *args, **kwargs)\n  File \"features/steps/checkout_steps.py\", line 88, in step_verify_confirmation_message\n    assert expected_text.lower() in confirmation_text.lower(), f\"Confirmation text does not contain '{expected_text}'\"\n"}, "start": 1754412715987, "stop": 1754412715999}], "start": 1754412707015, "stop": 1754412716388, "uuid": "ab485f88-07b2-4601-b27a-1e6f0cabd800", "historyId": "0326a42c9a9b0869f16c7c09e36036de", "fullName": "Checkout Process: Complete checkout with valid information", "labels": [{"name": "severity", "value": "normal"}, {"name": "tag", "value": "checkout"}, {"name": "tag", "value": "positive"}, {"name": "tag", "value": "smoke"}, {"name": "feature", "value": "Checkout Process"}, {"name": "framework", "value": "behave"}, {"name": "language", "value": "cpython3"}], "titlePath": ["features", "Checkout Process"]}